#
# There is insufficient memory for the Java Runtime Environment to continue.
# Native memory allocation (malloc) failed to allocate 32744 bytes for ChunkPool::allocate
# Possible reasons:
#   The system is out of physical RAM or swap space
#   The process is running with CompressedOops enabled, and the Java Heap may be blocking the growth of the native heap
# Possible solutions:
#   Reduce memory load on the system
#   Increase physical memory or swap space
#   Check if swap backing store is full
#   Decrease Java heap size (-Xmx/-Xms)
#   Decrease number of Java threads
#   Decrease Java thread stack sizes (-Xss)
#   Set larger code cache with -XX:ReservedCodeCacheSize=
#   JVM is running with Unscaled Compressed Oops mode in which the Java heap is
#     placed in the first 4GB address space. The Java Heap base address is the
#     maximum limit for the native heap growth. Please use -XX:HeapBaseMinAddress
#     to set the Java Heap base and to place the Java Heap above 4GB virtual address.
# This output file may be truncated or incomplete.
#
#  Out of Memory Error (arena.cpp:78), pid=6284, tid=10608
#
# JRE version: OpenJDK Runtime Environment Temurin-17.0.4.1+1 (17.0.4.1+1) (build 17.0.4.1+1)
# Java VM: OpenJDK 64-Bit Server VM Temurin-17.0.4.1+1 (17.0.4.1+1, mixed mode, tiered, compressed oops, compressed class ptrs, g1 gc, windows-amd64)
# No core dump will be written. Minidumps are not enabled by default on client versions of Windows
#

---------------  S U M M A R Y ------------

Command Line: -ea -Dfile.encoding=UTF-8 -XX:+ShowCodeDetailsInExceptionMessages org.testng.remote.RemoteTestNG -serport 60655 -protocol json -d C:\Users\Admin\eclipse-workspace\PrashantSirProject\test-output C:\Users\Admin\eclipse-workspace\PrashantSirProject\testng.xml

Host: Intel(R) Core(TM) i3-2328M CPU @ 2.20GHz, 4 cores, 3G,  Windows 10 , 64 bit Build 19041 (10.0.19041.2364)
Time: Fri Dec 23 16:15:33 2022 India Standard Time elapsed time: 4.802048 seconds (0d 0h 0m 4s)

---------------  T H R E A D  ---------------

Current thread (0x0000025e004f5510):  JavaThread "C2 CompilerThread0" daemon [_thread_in_native, id=10608, stack(0x000000d012300000,0x000000d012400000)]


Current CompileTask:
C2:   4802 1100       4       jdk.internal.org.objectweb.asm.Frame::execute (2305 bytes)

Stack: [0x000000d012300000,0x000000d012400000]
Native frames: (J=compiled Java code, j=interpreted, Vv=VM code, C=native code)
V  [jvm.dll+0x67731a]
V  [jvm.dll+0x832284]
V  [jvm.dll+0x833a2e]
V  [jvm.dll+0x834093]
V  [jvm.dll+0x245775]
V  [jvm.dll+0xabfc0]
V  [jvm.dll+0xac30c]
V  [jvm.dll+0x11dae8]
V  [jvm.dll+0x6a0691]
V  [jvm.dll+0x1bc004]
V  [jvm.dll+0x2187d9]
V  [jvm.dll+0x217aa1]
V  [jvm.dll+0x1a3f8d]
V  [jvm.dll+0x227498]
V  [jvm.dll+0x2255e5]
V  [jvm.dll+0x7e7e9b]
V  [jvm.dll+0x7e240a]
V  [jvm.dll+0x6761a5]
C  [ucrtbase.dll+0x21bb2]
C  [KERNEL32.DLL+0x17614]
C  [ntdll.dll+0x526a1]


---------------  P R O C E S S  ---------------

Threads class SMR info:
_java_thread_list=0x0000025e0185af80, length=13, elements={
0x0000025e6743c510, 0x0000025e0048ae00, 0x0000025e0048c4a0, 0x0000025e004d1010,
0x0000025e004d28e0, 0x0000025e004f0010, 0x0000025e004f4180, 0x0000025e004f5510,
0x0000025e004f6750, 0x0000025e0050b8e0, 0x0000025e01157c70, 0x0000025e0116a590,
0x0000025e018a3720
}

Java Threads: ( => current thread )
  0x0000025e6743c510 JavaThread "main" [_thread_in_vm, id=6008, stack(0x000000d011600000,0x000000d011700000)]
  0x0000025e0048ae00 JavaThread "Reference Handler" daemon [_thread_blocked, id=1552, stack(0x000000d011d00000,0x000000d011e00000)]
  0x0000025e0048c4a0 JavaThread "Finalizer" daemon [_thread_blocked, id=10648, stack(0x000000d011e00000,0x000000d011f00000)]
  0x0000025e004d1010 JavaThread "Signal Dispatcher" daemon [_thread_blocked, id=2356, stack(0x000000d011f00000,0x000000d012000000)]
  0x0000025e004d28e0 JavaThread "Attach Listener" daemon [_thread_blocked, id=6804, stack(0x000000d012000000,0x000000d012100000)]
  0x0000025e004f0010 JavaThread "Service Thread" daemon [_thread_blocked, id=8800, stack(0x000000d012100000,0x000000d012200000)]
  0x0000025e004f4180 JavaThread "Monitor Deflation Thread" daemon [_thread_blocked, id=852, stack(0x000000d012200000,0x000000d012300000)]
=>0x0000025e004f5510 JavaThread "C2 CompilerThread0" daemon [_thread_in_native, id=10608, stack(0x000000d012300000,0x000000d012400000)]
  0x0000025e004f6750 JavaThread "C1 CompilerThread0" daemon [_thread_in_native, id=8916, stack(0x000000d012400000,0x000000d012500000)]
  0x0000025e0050b8e0 JavaThread "Sweeper thread" daemon [_thread_blocked, id=7772, stack(0x000000d012500000,0x000000d012600000)]
  0x0000025e01157c70 JavaThread "Notification Thread" daemon [_thread_blocked, id=3572, stack(0x000000d012600000,0x000000d012700000)]
  0x0000025e0116a590 JavaThread "Common-Cleaner" daemon [_thread_blocked, id=10544, stack(0x000000d012800000,0x000000d012900000)]
  0x0000025e018a3720 JavaThread "ReaderThread" [_thread_in_native, id=3184, stack(0x000000d012a00000,0x000000d012b00000)]

Other Threads:
  0x0000025e6750e4c0 VMThread "VM Thread" [stack: 0x000000d011c00000,0x000000d011d00000] [id=8604]
  0x0000025e0106a1c0 WatcherThread [stack: 0x000000d012700000,0x000000d012800000] [id=3888]
  0x0000025e67476ba0 GCTaskThread "GC Thread#0" [stack: 0x000000d011700000,0x000000d011800000] [id=576]
  0x0000025e01c31dc0 GCTaskThread "GC Thread#1" [stack: 0x000000d012b00000,0x000000d012c00000] [id=5172]
  0x0000025e018e0390 GCTaskThread "GC Thread#2" [stack: 0x000000d012c00000,0x000000d012d00000] [id=4960]
  0x0000025e01acb050 GCTaskThread "GC Thread#3" [stack: 0x000000d012d00000,0x000000d012e00000] [id=8468]
  0x0000025e6747f720 ConcurrentGCThread "G1 Main Marker" [stack: 0x000000d011800000,0x000000d011900000] [id=6356]
  0x0000025e67481140 ConcurrentGCThread "G1 Conc#0" [stack: 0x000000d011900000,0x000000d011a00000] [id=1472]
  0x0000025e674cebb0 ConcurrentGCThread "G1 Refine#0" [stack: 0x000000d011a00000,0x000000d011b00000] [id=7600]
  0x0000025e01c5ac20 ConcurrentGCThread "G1 Refine#1" [stack: 0x000000d012e00000,0x000000d012f00000] [id=3288]
  0x0000025e674cf5d0 ConcurrentGCThread "G1 Service" [stack: 0x000000d011b00000,0x000000d011c00000] [id=1100]

Threads with active compile tasks:
C2 CompilerThread0     4934 1100       4       jdk.internal.org.objectweb.asm.Frame::execute (2305 bytes)

VM state: not at safepoint (normal execution)

VM Mutex/Monitor currently owned by a thread: None

Heap address: 0x00000000c1e00000, size: 994 MB, Compressed Oops mode: 32-bit

CDS archive(s) not mapped
Compressed class space mapped at: 0x0000000100000000-0x0000000140000000, reserved size: 1073741824
Narrow klass base: 0x0000000000000000, Narrow klass shift: 3, Narrow klass range: 0x140000000

GC Precious Log:
 CPUs: 4 total, 4 available
 Memory: 3969M
 Large Page Support: Disabled
 NUMA Support: Disabled
 Compressed Oops: Enabled (32-bit)
 Heap Region Size: 1M
 Heap Min Capacity: 8M
 Heap Initial Capacity: 64M
 Heap Max Capacity: 994M
 Pre-touch: Disabled
 Parallel Workers: 4
 Concurrent Workers: 1
 Concurrent Refinement Workers: 4
 Periodic GC: Disabled

Heap:
 garbage-first heap   total 65536K, used 12496K [0x00000000c1e00000, 0x0000000100000000)
  region size 1024K, 10 young (10240K), 2 survivors (2048K)
 Metaspace       used 14176K, committed 14400K, reserved 1064960K
  class space    used 1397K, committed 1536K, reserved 1048576K

Heap Regions: E=young(eden), S=young(survivor), O=old, HS=humongous(starts), HC=humongous(continues), CS=collection set, F=free, OA=open archive, CA=closed archive, TAMS=top-at-mark-start (previous, next)
|   0|0x00000000c1e00000, 0x00000000c1f00000, 0x00000000c1f00000|100%| O|  |TAMS 0x00000000c1e00000, 0x00000000c1e00000| Untracked 
|   1|0x00000000c1f00000, 0x00000000c2000000, 0x00000000c2000000|100%| O|  |TAMS 0x00000000c1f00000, 0x00000000c1f00000| Untracked 
|   2|0x00000000c2000000, 0x00000000c2100000, 0x00000000c2100000|100%| O|  |TAMS 0x00000000c2000000, 0x00000000c2000000| Untracked 
|   3|0x00000000c2100000, 0x00000000c2134000, 0x00000000c2200000| 20%| O|  |TAMS 0x00000000c2100000, 0x00000000c2100000| Untracked 
|   4|0x00000000c2200000, 0x00000000c2200000, 0x00000000c2300000|  0%| F|  |TAMS 0x00000000c2200000, 0x00000000c2200000| Untracked 
|   5|0x00000000c2300000, 0x00000000c2300000, 0x00000000c2400000|  0%| F|  |TAMS 0x00000000c2300000, 0x00000000c2300000| Untracked 
|   6|0x00000000c2400000, 0x00000000c2400000, 0x00000000c2500000|  0%| F|  |TAMS 0x00000000c2400000, 0x00000000c2400000| Untracked 
|   7|0x00000000c2500000, 0x00000000c2500000, 0x00000000c2600000|  0%| F|  |TAMS 0x00000000c2500000, 0x00000000c2500000| Untracked 
|   8|0x00000000c2600000, 0x00000000c2600000, 0x00000000c2700000|  0%| F|  |TAMS 0x00000000c2600000, 0x00000000c2600000| Untracked 
|   9|0x00000000c2700000, 0x00000000c2700000, 0x00000000c2800000|  0%| F|  |TAMS 0x00000000c2700000, 0x00000000c2700000| Untracked 
|  10|0x00000000c2800000, 0x00000000c2800000, 0x00000000c2900000|  0%| F|  |TAMS 0x00000000c2800000, 0x00000000c2800000| Untracked 
|  11|0x00000000c2900000, 0x00000000c2900000, 0x00000000c2a00000|  0%| F|  |TAMS 0x00000000c2900000, 0x00000000c2900000| Untracked 
|  12|0x00000000c2a00000, 0x00000000c2a00000, 0x00000000c2b00000|  0%| F|  |TAMS 0x00000000c2a00000, 0x00000000c2a00000| Untracked 
|  13|0x00000000c2b00000, 0x00000000c2b00000, 0x00000000c2c00000|  0%| F|  |TAMS 0x00000000c2b00000, 0x00000000c2b00000| Untracked 
|  14|0x00000000c2c00000, 0x00000000c2c00000, 0x00000000c2d00000|  0%| F|  |TAMS 0x00000000c2c00000, 0x00000000c2c00000| Untracked 
|  15|0x00000000c2d00000, 0x00000000c2d00000, 0x00000000c2e00000|  0%| F|  |TAMS 0x00000000c2d00000, 0x00000000c2d00000| Untracked 
|  16|0x00000000c2e00000, 0x00000000c2e00000, 0x00000000c2f00000|  0%| F|  |TAMS 0x00000000c2e00000, 0x00000000c2e00000| Untracked 
|  17|0x00000000c2f00000, 0x00000000c2f00000, 0x00000000c3000000|  0%| F|  |TAMS 0x00000000c2f00000, 0x00000000c2f00000| Untracked 
|  18|0x00000000c3000000, 0x00000000c3000000, 0x00000000c3100000|  0%| F|  |TAMS 0x00000000c3000000, 0x00000000c3000000| Untracked 
|  19|0x00000000c3100000, 0x00000000c3100000, 0x00000000c3200000|  0%| F|  |TAMS 0x00000000c3100000, 0x00000000c3100000| Untracked 
|  20|0x00000000c3200000, 0x00000000c3200000, 0x00000000c3300000|  0%| F|  |TAMS 0x00000000c3200000, 0x00000000c3200000| Untracked 
|  21|0x00000000c3300000, 0x00000000c3300000, 0x00000000c3400000|  0%| F|  |TAMS 0x00000000c3300000, 0x00000000c3300000| Untracked 
|  22|0x00000000c3400000, 0x00000000c3400000, 0x00000000c3500000|  0%| F|  |TAMS 0x00000000c3400000, 0x00000000c3400000| Untracked 
|  23|0x00000000c3500000, 0x00000000c3500000, 0x00000000c3600000|  0%| F|  |TAMS 0x00000000c3500000, 0x00000000c3500000| Untracked 
|  24|0x00000000c3600000, 0x00000000c3600000, 0x00000000c3700000|  0%| F|  |TAMS 0x00000000c3600000, 0x00000000c3600000| Untracked 
|  25|0x00000000c3700000, 0x00000000c3700000, 0x00000000c3800000|  0%| F|  |TAMS 0x00000000c3700000, 0x00000000c3700000| Untracked 
|  26|0x00000000c3800000, 0x00000000c3800000, 0x00000000c3900000|  0%| F|  |TAMS 0x00000000c3800000, 0x00000000c3800000| Untracked 
|  27|0x00000000c3900000, 0x00000000c3900000, 0x00000000c3a00000|  0%| F|  |TAMS 0x00000000c3900000, 0x00000000c3900000| Untracked 
|  28|0x00000000c3a00000, 0x00000000c3a00000, 0x00000000c3b00000|  0%| F|  |TAMS 0x00000000c3a00000, 0x00000000c3a00000| Untracked 
|  29|0x00000000c3b00000, 0x00000000c3b00000, 0x00000000c3c00000|  0%| F|  |TAMS 0x00000000c3b00000, 0x00000000c3b00000| Untracked 
|  30|0x00000000c3c00000, 0x00000000c3c00000, 0x00000000c3d00000|  0%| F|  |TAMS 0x00000000c3c00000, 0x00000000c3c00000| Untracked 
|  31|0x00000000c3d00000, 0x00000000c3d00000, 0x00000000c3e00000|  0%| F|  |TAMS 0x00000000c3d00000, 0x00000000c3d00000| Untracked 
|  32|0x00000000c3e00000, 0x00000000c3e00000, 0x00000000c3f00000|  0%| F|  |TAMS 0x00000000c3e00000, 0x00000000c3e00000| Untracked 
|  33|0x00000000c3f00000, 0x00000000c3f00000, 0x00000000c4000000|  0%| F|  |TAMS 0x00000000c3f00000, 0x00000000c3f00000| Untracked 
|  34|0x00000000c4000000, 0x00000000c4000000, 0x00000000c4100000|  0%| F|  |TAMS 0x00000000c4000000, 0x00000000c4000000| Untracked 
|  35|0x00000000c4100000, 0x00000000c4100000, 0x00000000c4200000|  0%| F|  |TAMS 0x00000000c4100000, 0x00000000c4100000| Untracked 
|  36|0x00000000c4200000, 0x00000000c4200000, 0x00000000c4300000|  0%| F|  |TAMS 0x00000000c4200000, 0x00000000c4200000| Untracked 
|  37|0x00000000c4300000, 0x00000000c4300000, 0x00000000c4400000|  0%| F|  |TAMS 0x00000000c4300000, 0x00000000c4300000| Untracked 
|  38|0x00000000c4400000, 0x00000000c4400000, 0x00000000c4500000|  0%| F|  |TAMS 0x00000000c4400000, 0x00000000c4400000| Untracked 
|  39|0x00000000c4500000, 0x00000000c4500000, 0x00000000c4600000|  0%| F|  |TAMS 0x00000000c4500000, 0x00000000c4500000| Untracked 
|  40|0x00000000c4600000, 0x00000000c4600000, 0x00000000c4700000|  0%| F|  |TAMS 0x00000000c4600000, 0x00000000c4600000| Untracked 
|  41|0x00000000c4700000, 0x00000000c4700000, 0x00000000c4800000|  0%| F|  |TAMS 0x00000000c4700000, 0x00000000c4700000| Untracked 
|  42|0x00000000c4800000, 0x00000000c4800000, 0x00000000c4900000|  0%| F|  |TAMS 0x00000000c4800000, 0x00000000c4800000| Untracked 
|  43|0x00000000c4900000, 0x00000000c4900000, 0x00000000c4a00000|  0%| F|  |TAMS 0x00000000c4900000, 0x00000000c4900000| Untracked 
|  44|0x00000000c4a00000, 0x00000000c4a00000, 0x00000000c4b00000|  0%| F|  |TAMS 0x00000000c4a00000, 0x00000000c4a00000| Untracked 
|  45|0x00000000c4b00000, 0x00000000c4b00000, 0x00000000c4c00000|  0%| F|  |TAMS 0x00000000c4b00000, 0x00000000c4b00000| Untracked 
|  46|0x00000000c4c00000, 0x00000000c4c00000, 0x00000000c4d00000|  0%| F|  |TAMS 0x00000000c4c00000, 0x00000000c4c00000| Untracked 
|  47|0x00000000c4d00000, 0x00000000c4d00000, 0x00000000c4e00000|  0%| F|  |TAMS 0x00000000c4d00000, 0x00000000c4d00000| Untracked 
|  48|0x00000000c4e00000, 0x00000000c4e00000, 0x00000000c4f00000|  0%| F|  |TAMS 0x00000000c4e00000, 0x00000000c4e00000| Untracked 
|  49|0x00000000c4f00000, 0x00000000c5000000, 0x00000000c5000000|100%| S|CS|TAMS 0x00000000c4f00000, 0x00000000c4f00000| Complete 
|  50|0x00000000c5000000, 0x00000000c5100000, 0x00000000c5100000|100%| S|CS|TAMS 0x00000000c5000000, 0x00000000c5000000| Complete 
|  51|0x00000000c5100000, 0x00000000c5100000, 0x00000000c5200000|  0%| F|  |TAMS 0x00000000c5100000, 0x00000000c5100000| Untracked 
|  52|0x00000000c5200000, 0x00000000c5200000, 0x00000000c5300000|  0%| F|  |TAMS 0x00000000c5200000, 0x00000000c5200000| Untracked 
|  53|0x00000000c5300000, 0x00000000c5300000, 0x00000000c5400000|  0%| F|  |TAMS 0x00000000c5300000, 0x00000000c5300000| Untracked 
|  54|0x00000000c5400000, 0x00000000c5400000, 0x00000000c5500000|  0%| F|  |TAMS 0x00000000c5400000, 0x00000000c5400000| Untracked 
|  55|0x00000000c5500000, 0x00000000c5500000, 0x00000000c5600000|  0%| F|  |TAMS 0x00000000c5500000, 0x00000000c5500000| Untracked 
|  56|0x00000000c5600000, 0x00000000c5700000, 0x00000000c5700000|100%| E|  |TAMS 0x00000000c5600000, 0x00000000c5600000| Complete 
|  57|0x00000000c5700000, 0x00000000c5800000, 0x00000000c5800000|100%| E|CS|TAMS 0x00000000c5700000, 0x00000000c5700000| Complete 
|  58|0x00000000c5800000, 0x00000000c5900000, 0x00000000c5900000|100%| E|CS|TAMS 0x00000000c5800000, 0x00000000c5800000| Complete 
|  59|0x00000000c5900000, 0x00000000c5a00000, 0x00000000c5a00000|100%| E|CS|TAMS 0x00000000c5900000, 0x00000000c5900000| Complete 
|  60|0x00000000c5a00000, 0x00000000c5b00000, 0x00000000c5b00000|100%| E|CS|TAMS 0x00000000c5a00000, 0x00000000c5a00000| Complete 
|  61|0x00000000c5b00000, 0x00000000c5c00000, 0x00000000c5c00000|100%| E|CS|TAMS 0x00000000c5b00000, 0x00000000c5b00000| Complete 
|  62|0x00000000c5c00000, 0x00000000c5d00000, 0x00000000c5d00000|100%| E|CS|TAMS 0x00000000c5c00000, 0x00000000c5c00000| Complete 
|  63|0x00000000c5d00000, 0x00000000c5e00000, 0x00000000c5e00000|100%| E|CS|TAMS 0x00000000c5d00000, 0x00000000c5d00000| Complete 

Card table byte_map: [0x0000025e7bb10000,0x0000025e7bd10000] _byte_map_base: 0x0000025e7b501000

Marking Bits (Prev, Next): (CMBitMap*) 0x0000025e674771b0, (CMBitMap*) 0x0000025e674771f0
 Prev Bits: [0x0000025e7bf10000, 0x0000025e7ce98000)
 Next Bits: [0x0000025e7cea0000, 0x0000025e7de28000)

Polling page: 0x0000025e6c2b0000

Metaspace:

Usage:
  Non-class:     12.49 MB used.
      Class:      1.37 MB used.
       Both:     13.85 MB used.

Virtual space:
  Non-class space:       16.00 MB reserved,      12.56 MB ( 79%) committed,  2 nodes.
      Class space:        1.00 GB reserved,       1.50 MB ( <1%) committed,  1 nodes.
             Both:        1.02 GB reserved,      14.06 MB (  1%) committed. 

Chunk freelists:
   Non-Class:  2.62 MB
       Class:  2.50 MB
        Both:  5.12 MB

MaxMetaspaceSize: unlimited
CompressedClassSpaceSize: 1.00 GB
Initial GC threshold: 21.00 MB
Current GC threshold: 21.00 MB
CDS: off
MetaspaceReclaimPolicy: balanced
 - commit_granule_bytes: 65536.
 - commit_granule_words: 8192.
 - virtual_space_node_default_size: 1048576.
 - enlarge_chunks_in_place: 1.
 - new_chunks_are_fully_committed: 0.
 - uncommit_free_chunks: 1.
 - use_allocation_guard: 0.
 - handle_deallocations: 1.


Internal statistics:

num_allocs_failed_limit: 0.
num_arena_births: 186.
num_arena_deaths: 0.
num_vsnodes_births: 3.
num_vsnodes_deaths: 0.
num_space_committed: 225.
num_space_uncommitted: 0.
num_chunks_returned_to_freelist: 0.
num_chunks_taken_from_freelist: 354.
num_chunk_merges: 0.
num_chunk_splits: 213.
num_chunks_enlarged: 138.
num_purges: 0.
num_inconsistent_stats: 0.

CodeHeap 'non-profiled nmethods': size=120000Kb used=409Kb max_used=409Kb free=119590Kb
 bounds [0x0000025e73da0000, 0x0000025e74010000, 0x0000025e7b2d0000]
CodeHeap 'profiled nmethods': size=120000Kb used=2320Kb max_used=2320Kb free=117679Kb
 bounds [0x0000025e6c870000, 0x0000025e6cae0000, 0x0000025e73da0000]
CodeHeap 'non-nmethods': size=5760Kb used=1167Kb max_used=1171Kb free=4592Kb
 bounds [0x0000025e6c2d0000, 0x0000025e6c540000, 0x0000025e6c870000]
 total_blobs=1721 nmethods=1264 adapters=370
 compilation: enabled
              stopped_count=0, restarted_count=0
 full_count=0

Compilation events (20 events):
Event: 4.748 Thread 0x0000025e004f6750 nmethod 1251 0x0000025e6caab110 code [0x0000025e6caab2c0, 0x0000025e6caab458]
Event: 4.769 Thread 0x0000025e004f6750 1252       3       java.util.stream.Sink$ChainedReference::<init> (16 bytes)
Event: 4.771 Thread 0x0000025e004f6750 nmethod 1252 0x0000025e6caab510 code [0x0000025e6caab6e0, 0x0000025e6caabb08]
Event: 4.775 Thread 0x0000025e004f6750 1253       3       java.util.Spliterators$ArraySpliterator::estimateSize (11 bytes)
Event: 4.776 Thread 0x0000025e004f6750 nmethod 1253 0x0000025e6caabc90 code [0x0000025e6caabe20, 0x0000025e6caabf38]
Event: 4.776 Thread 0x0000025e004f6750 1255       3       java.util.Spliterators$ArraySpliterator::forEachRemaining (68 bytes)
Event: 4.777 Thread 0x0000025e004f6750 nmethod 1255 0x0000025e6caac010 code [0x0000025e6caac1e0, 0x0000025e6caac658]
Event: 4.778 Thread 0x0000025e004f6750 1259       3       java.util.stream.AbstractPipeline::evaluate (94 bytes)
Event: 4.782 Thread 0x0000025e004f6750 nmethod 1259 0x0000025e6caac810 code [0x0000025e6caaca40, 0x0000025e6caad0c8]
Event: 4.782 Thread 0x0000025e004f6750 1254       3       java.util.stream.Sink$ChainedReference::begin (11 bytes)
Event: 4.782 Thread 0x0000025e004f6750 nmethod 1254 0x0000025e6caad310 code [0x0000025e6caad4c0, 0x0000025e6caad688]
Event: 4.783 Thread 0x0000025e004f6750 1256       3       java.util.stream.Collectors$$Lambda$75/0x00000001001226d8::get (16 bytes)
Event: 4.783 Thread 0x0000025e004f6750 nmethod 1256 0x0000025e6caad790 code [0x0000025e6caad920, 0x0000025e6caada68]
Event: 4.783 Thread 0x0000025e004f6750 1257       3       java.util.stream.Collectors::lambda$joining$11 (11 bytes)
Event: 4.784 Thread 0x0000025e004f6750 nmethod 1257 0x0000025e6caadb10 code [0x0000025e6caadcc0, 0x0000025e6caade48]
Event: 4.784 Thread 0x0000025e004f6750 1260       3       java.util.stream.ReduceOps::makeRef (42 bytes)
Event: 4.786 Thread 0x0000025e004f6750 nmethod 1260 0x0000025e6caadf10 code [0x0000025e6caae120, 0x0000025e6caae8c8]
Event: 4.786 Thread 0x0000025e004f6750 1258       3       java.util.stream.Collectors$$Lambda$78/0x0000000100122d60::apply (8 bytes)
Event: 4.787 Thread 0x0000025e004f6750 nmethod 1258 0x0000025e6caaeb90 code [0x0000025e6caaed40, 0x0000025e6caaef68]
Event: 4.793 Thread 0x0000025e004f6750 1261       3       java.util.Spliterators::checkFromToBounds (74 bytes)

GC Heap History (2 events):
Event: 2.928 GC heap before
{Heap before GC invocations=0 (full 0):
 garbage-first heap   total 65536K, used 12287K [0x00000000c1e00000, 0x0000000100000000)
  region size 1024K, 13 young (13312K), 0 survivors (0K)
 Metaspace       used 11537K, committed 11712K, reserved 1064960K
  class space    used 1094K, committed 1216K, reserved 1048576K
}
Event: 2.941 GC heap after
{Heap after GC invocations=1 (full 0):
 garbage-first heap   total 65536K, used 5328K [0x00000000c1e00000, 0x0000000100000000)
  region size 1024K, 2 young (2048K), 2 survivors (2048K)
 Metaspace       used 11537K, committed 11712K, reserved 1064960K
  class space    used 1094K, committed 1216K, reserved 1048576K
}

Deoptimization events (20 events):
Event: 2.756 Thread 0x0000025e6743c510 DEOPT PACKING pc=0x0000025e6c8a30fe sp=0x000000d0116fa920
Event: 2.756 Thread 0x0000025e6743c510 DEOPT UNPACKING pc=0x0000025e6c322b43 sp=0x000000d0116f9d90 mode 0
Event: 3.077 Thread 0x0000025e6743c510 Uncommon trap: trap_request=0xffffffde fr.pc=0x0000025e73dcf184 relative=0x00000000000003c4
Event: 3.077 Thread 0x0000025e6743c510 Uncommon trap: reason=class_check action=maybe_recompile pc=0x0000025e73dcf184 method=java.util.HashMap.getNode(Ljava/lang/Object;)Ljava/util/HashMap$Node; @ 128 c2
Event: 3.077 Thread 0x0000025e6743c510 DEOPT PACKING pc=0x0000025e73dcf184 sp=0x000000d0116fe7d0
Event: 3.077 Thread 0x0000025e6743c510 DEOPT UNPACKING pc=0x0000025e6c3223a3 sp=0x000000d0116fe748 mode 2
Event: 3.079 Thread 0x0000025e6743c510 Uncommon trap: trap_request=0xffffffde fr.pc=0x0000025e73dcf184 relative=0x00000000000003c4
Event: 3.079 Thread 0x0000025e6743c510 Uncommon trap: reason=class_check action=maybe_recompile pc=0x0000025e73dcf184 method=java.util.HashMap.getNode(Ljava/lang/Object;)Ljava/util/HashMap$Node; @ 128 c2
Event: 3.079 Thread 0x0000025e6743c510 DEOPT PACKING pc=0x0000025e73dcf184 sp=0x000000d0116fe7d0
Event: 3.079 Thread 0x0000025e6743c510 DEOPT UNPACKING pc=0x0000025e6c3223a3 sp=0x000000d0116fe748 mode 2
Event: 3.079 Thread 0x0000025e6743c510 Uncommon trap: trap_request=0xffffffde fr.pc=0x0000025e73dcf184 relative=0x00000000000003c4
Event: 3.079 Thread 0x0000025e6743c510 Uncommon trap: reason=class_check action=maybe_recompile pc=0x0000025e73dcf184 method=java.util.HashMap.getNode(Ljava/lang/Object;)Ljava/util/HashMap$Node; @ 128 c2
Event: 3.079 Thread 0x0000025e6743c510 DEOPT PACKING pc=0x0000025e73dcf184 sp=0x000000d0116fe7d0
Event: 3.079 Thread 0x0000025e6743c510 DEOPT UNPACKING pc=0x0000025e6c3223a3 sp=0x000000d0116fe748 mode 2
Event: 3.282 Thread 0x0000025e6743c510 Uncommon trap: trap_request=0xffffff45 fr.pc=0x0000025e73dcf048 relative=0x0000000000000288
Event: 3.282 Thread 0x0000025e6743c510 Uncommon trap: reason=unstable_if action=reinterpret pc=0x0000025e73dcf048 method=java.util.HashMap.getNode(Ljava/lang/Object;)Ljava/util/HashMap$Node; @ 66 c2
Event: 3.282 Thread 0x0000025e6743c510 DEOPT PACKING pc=0x0000025e73dcf048 sp=0x000000d0116fdf30
Event: 3.282 Thread 0x0000025e6743c510 DEOPT UNPACKING pc=0x0000025e6c3223a3 sp=0x000000d0116fdeb0 mode 2
Event: 3.515 Thread 0x0000025e6743c510 DEOPT PACKING pc=0x0000025e6c92f2f7 sp=0x000000d0116fd570
Event: 3.515 Thread 0x0000025e6743c510 DEOPT UNPACKING pc=0x0000025e6c322b43 sp=0x000000d0116fc9d0 mode 0

Classes unloaded (0 events):
No events

Classes redefined (0 events):
No events

Internal exceptions (20 events):
Event: 2.547 Thread 0x0000025e6743c510 Exception <a 'java/lang/ClassNotFoundException'{0x00000000c525a818}: com/sun/org/apache/xerces/internal/impl/msg/spi/SAXMessagesProvider> (0x00000000c525a818) 
thrown [s\src\hotspot\share\classfile\systemDictionary.cpp, line 256]
Event: 2.756 Thread 0x0000025e6743c510 Exception <a 'java/lang/NoSuchMethodError'{0x00000000c512f8d0}: 'java.lang.Object java.lang.invoke.DirectMethodHandle$Holder.invokeStaticInit(java.lang.Object, int, int, int, int)'> (0x00000000c512f8d0) 
thrown [s\src\hotspot\share\interpreter\linkResolver.cpp, line 759]
Event: 2.878 Thread 0x0000025e6743c510 Exception <a 'java/lang/NoSuchMethodError'{0x00000000c518e670}: 'java.lang.Object java.lang.invoke.DirectMethodHandle$Holder.invokeStaticInit(java.lang.Object, java.lang.Object, int, int, int, int)'> (0x00000000c518e670) 
thrown [s\src\hotspot\share\interpreter\linkResolver.cpp, line 759]
Event: 3.096 Thread 0x0000025e6743c510 Exception <a 'java/lang/NoSuchMethodError'{0x00000000c5b8f3e8}: 'int java.lang.invoke.DirectMethodHandle$Holder.invokeInterface(java.lang.Object, java.lang.Object)'> (0x00000000c5b8f3e8) 
thrown [s\src\hotspot\share\interpreter\linkResolver.cpp, line 759]
Event: 3.100 Thread 0x0000025e6743c510 Exception <a 'java/lang/NoSuchMethodError'{0x00000000c5b99978}: 'java.lang.Object java.lang.invoke.Invokers$Holder.invokeExact_MT(java.lang.Object, java.lang.Object, java.lang.Object, java.lang.Object, java.lang.Object, java.lang.Object)'> (0x00000000c5b99978) 
thrown [s\src\hotspot\share\interpreter\linkResolver.cpp, line 759]
Event: 3.108 Thread 0x0000025e6743c510 Exception <a 'java/lang/NoSuchMethodError'{0x00000000c5bafb18}: 'java.lang.Object java.lang.invoke.DirectMethodHandle$Holder.invokeInterface(java.lang.Object, java.lang.Object)'> (0x00000000c5bafb18) 
thrown [s\src\hotspot\share\interpreter\linkResolver.cpp, line 759]
Event: 3.117 Thread 0x0000025e6743c510 Exception <a 'java/lang/NoSuchMethodError'{0x00000000c5bd3eb8}: 'int java.lang.invoke.DirectMethodHandle$Holder.invokeVirtual(java.lang.Object, java.lang.Object)'> (0x00000000c5bd3eb8) 
thrown [s\src\hotspot\share\interpreter\linkResolver.cpp, line 759]
Event: 3.150 Thread 0x0000025e6743c510 Exception <a 'java/lang/NoSuchMethodError'{0x00000000c5a79d30}: 'java.lang.Object java.lang.invoke.DirectMethodHandle$Holder.invokeSpecial(java.lang.Object, java.lang.Object, java.lang.Object, int, java.lang.Object)'> (0x00000000c5a79d30) 
thrown [s\src\hotspot\share\interpreter\linkResolver.cpp, line 759]
Event: 3.156 Thread 0x0000025e6743c510 Exception <a 'java/lang/NoSuchMethodError'{0x00000000c5a98188}: 'int java.lang.invoke.DirectMethodHandle$Holder.invokeStaticInit(java.lang.Object, java.lang.Object, java.lang.Object)'> (0x00000000c5a98188) 
thrown [s\src\hotspot\share\interpreter\linkResolver.cpp, line 759]
Event: 3.396 Thread 0x0000025e6743c510 Exception <a 'java/lang/IncompatibleClassChangeError'{0x00000000c58888a8}: Found class java.lang.Object, but interface was expected> (0x00000000c58888a8) 
thrown [s\src\hotspot\share\interpreter\linkResolver.cpp, line 826]
Event: 3.420 Thread 0x0000025e6743c510 Exception <a 'java/lang/NoSuchMethodError'{0x00000000c58a33a8}: 'java.lang.Object java.lang.invoke.DirectMethodHandle$Holder.invokeSpecial(java.lang.Object, java.lang.Object, java.lang.Object, java.lang.Object, java.lang.Object, java.lang.Object, java.lang.Object, java.lang.Object, java.lang.Object, java.lang.Object)'> (0x00000000c58a33a8) 
thrown [s\src\hotspot\share\interpreter\linkResolver.cpp, line 759]
Event: 3.426 Thread 0x0000025e6743c510 Exception <a 'java/lang/NoSuchMethodError'{0x00000000c58ae128}: 'java.lang.Object java.lang.invoke.DirectMethodHandle$Holder.newInvokeSpecial(java.lang.Object, java.lang.Object, java.lang.Object, java.lang.Object, java.lang.Object, java.lang.Object, java.lang.Object, java.lang.Object, java.lang.Object)'> (0x00000000c58ae128) 
thrown [s\src\hotspot\share\interpreter\linkResolver.cpp, line 759]
Event: 3.427 Thread 0x0000025e6743c510 Exception <a 'java/lang/NoSuchMethodError'{0x00000000c58b3478}: 'java.lang.Object java.lang.invoke.Invokers$Holder.linkToTargetMethod(java.lang.Object, java.lang.Object, java.lang.Object, java.lang.Object, java.lang.Object, java.lang.Object, java.lang.Object, java.lang.Object, java.lang.Object)'> (0x00000000c58b3478) 
thrown [s\src\hotspot\share\interpreter\linkResolver.cpp, line 759]
Event: 3.485 Thread 0x0000025e6743c510 Exception <a 'java/lang/NoSuchMethodError'{0x00000000c58ff680}: 'java.lang.Object java.lang.invoke.DirectMethodHandle$Holder.newInvokeSpecial(java.lang.Object, java.lang.Object, java.lang.Object, java.lang.Object, java.lang.Object, java.lang.Object, java.lang.Object)'> (0x00000000c58ff680) 
thrown [s\src\hotspot\share\interpreter\linkResolver.cpp, line 759]
Event: 3.486 Thread 0x0000025e6743c510 Exception <a 'java/lang/NoSuchMethodError'{0x00000000c57047a8}: 'java.lang.Object java.lang.invoke.Invokers$Holder.linkToTargetMethod(java.lang.Object, java.lang.Object, java.lang.Object, java.lang.Object, java.lang.Object, java.lang.Object, java.lang.Object)'> (0x00000000c57047a8) 
thrown [s\src\hotspot\share\interpreter\linkResolver.cpp, line 759]
Event: 3.490 Thread 0x0000025e6743c510 Exception <a 'java/lang/NoSuchMethodError'{0x00000000c570f570}: 'void java.lang.invoke.DirectMethodHandle$Holder.invokeStatic(java.lang.Object, java.lang.Object, java.lang.Object, java.lang.Object)'> (0x00000000c570f570) 
thrown [s\src\hotspot\share\interpreter\linkResolver.cpp, line 759]
Event: 3.535 Thread 0x0000025e6743c510 Exception <a 'java/lang/NoSuchMethodError'{0x00000000c576dda0}: 'java.lang.Object java.lang.invoke.DirectMethodHandle$Holder.newInvokeSpecial(java.lang.Object, java.lang.Object, java.lang.Object, java.lang.Object, java.lang.Object)'> (0x00000000c576dda0) 
thrown [s\src\hotspot\share\interpreter\linkResolver.cpp, line 759]
Event: 3.565 Thread 0x0000025e6743c510 Exception <a 'java/lang/NoSuchMethodError'{0x00000000c57a2428}: 'int java.lang.invoke.DirectMethodHandle$Holder.invokeSpecial(java.lang.Object, java.lang.Object, java.lang.Object)'> (0x00000000c57a2428) 
thrown [s\src\hotspot\share\interpreter\linkResolver.cpp, line 759]
Event: 4.117 Thread 0x0000025e6743c510 Exception <a 'java/lang/IncompatibleClassChangeError'{0x00000000c57fe790}: Found class java.lang.Object, but interface was expected> (0x00000000c57fe790) 
thrown [s\src\hotspot\share\interpreter\linkResolver.cpp, line 826]
Event: 4.452 Thread 0x0000025e6743c510 Exception <a 'java/lang/NoSuchMethodError'{0x00000000c567ad60}: 'java.lang.Object java.lang.invoke.Invokers$Holder.linkToTargetMethod(java.lang.Object, long, java.lang.Object)'> (0x00000000c567ad60) 
thrown [s\src\hotspot\share\interpreter\linkResolver.cpp, line 759]

VM Operations (20 events):
Event: 1.460 Executing VM operation: Cleanup
Event: 1.460 Executing VM operation: Cleanup done
Event: 2.282 Executing VM operation: HandshakeAllThreads
Event: 2.282 Executing VM operation: HandshakeAllThreads done
Event: 2.320 Executing VM operation: HandshakeAllThreads
Event: 2.320 Executing VM operation: HandshakeAllThreads done
Event: 2.696 Executing VM operation: HandshakeAllThreads
Event: 2.696 Executing VM operation: HandshakeAllThreads done
Event: 2.696 Executing VM operation: Cleanup
Event: 2.696 Executing VM operation: Cleanup done
Event: 2.723 Executing VM operation: HandshakeAllThreads
Event: 2.723 Executing VM operation: HandshakeAllThreads done
Event: 2.892 Executing VM operation: HandshakeAllThreads
Event: 2.892 Executing VM operation: HandshakeAllThreads done
Event: 2.892 Executing VM operation: HandshakeAllThreads
Event: 2.892 Executing VM operation: HandshakeAllThreads done
Event: 2.927 Executing VM operation: G1CollectForAllocation
Event: 2.941 Executing VM operation: G1CollectForAllocation done
Event: 3.951 Executing VM operation: Cleanup
Event: 4.109 Executing VM operation: Cleanup done

Events (20 events):
Event: 4.284 loading class java/time/Clock
Event: 4.284 loading class java/time/InstantSource
Event: 4.285 loading class java/time/InstantSource done
Event: 4.285 loading class java/time/Clock done
Event: 4.290 loading class java/time/Duration
Event: 4.292 loading class java/time/temporal/TemporalAmount
Event: 4.292 loading class java/time/temporal/TemporalAmount done
Event: 4.293 loading class java/time/Duration done
Event: 4.300 loading class java/time/temporal/ChronoUnit
Event: 4.301 loading class java/time/temporal/TemporalUnit
Event: 4.301 loading class java/time/temporal/TemporalUnit done
Event: 4.301 loading class java/time/temporal/ChronoUnit done
Event: 4.302 loading class java/time/Instant$1
Event: 4.303 loading class java/time/Instant$1 done
Event: 4.303 loading class java/time/temporal/ChronoField
Event: 4.304 loading class java/time/temporal/TemporalField
Event: 4.304 loading class java/time/temporal/TemporalField done
Event: 4.304 loading class java/time/temporal/ChronoField done
Event: 4.305 loading class java/time/temporal/ValueRange
Event: 4.305 loading class java/time/temporal/ValueRange done


Dynamic libraries:
0x00007ff64fb10000 - 0x00007ff64fb1e000 	C:\Users\Admin\.p2\pool\plugins\org.eclipse.justj.openjdk.hotspot.jre.full.win32.x86_64_17.0.4.v20220903-1038\jre\bin\javaw.exe
0x00007ff9756f0000 - 0x00007ff9758e8000 	C:\Windows\SYSTEM32\ntdll.dll
0x00007ff974100000 - 0x00007ff9741bf000 	C:\Windows\System32\KERNEL32.DLL
0x00007ff973220000 - 0x00007ff9734f2000 	C:\Windows\System32\KERNELBASE.dll
0x00007ff972de0000 - 0x00007ff972ee0000 	C:\Windows\System32\ucrtbase.dll
0x00007ff96c510000 - 0x00007ff96c528000 	C:\Users\Admin\.p2\pool\plugins\org.eclipse.justj.openjdk.hotspot.jre.full.win32.x86_64_17.0.4.v20220903-1038\jre\bin\jli.dll
0x00007ff974c70000 - 0x00007ff974e11000 	C:\Windows\System32\USER32.dll
0x00007ff973550000 - 0x00007ff973572000 	C:\Windows\System32\win32u.dll
0x00007ff974980000 - 0x00007ff9749ab000 	C:\Windows\System32\GDI32.dll
0x00007ff973620000 - 0x00007ff97372f000 	C:\Windows\System32\gdi32full.dll
0x00007ff973580000 - 0x00007ff97361d000 	C:\Windows\System32\msvcp_win.dll
0x00007ff968800000 - 0x00007ff968819000 	C:\Users\Admin\.p2\pool\plugins\org.eclipse.justj.openjdk.hotspot.jre.full.win32.x86_64_17.0.4.v20220903-1038\jre\bin\VCRUNTIME140.dll
0x00007ff964830000 - 0x00007ff964aca000 	C:\Windows\WinSxS\amd64_microsoft.windows.common-controls_6595b64144ccf1df_6.0.19041.1110_none_60b5254171f9507e\COMCTL32.dll
0x00007ff974380000 - 0x00007ff97441e000 	C:\Windows\System32\msvcrt.dll
0x00007ff9739e0000 - 0x00007ff973a12000 	C:\Windows\System32\IMM32.DLL
0x00007ff96e890000 - 0x00007ff96e89c000 	C:\Users\Admin\.p2\pool\plugins\org.eclipse.justj.openjdk.hotspot.jre.full.win32.x86_64_17.0.4.v20220903-1038\jre\bin\vcruntime140_1.dll
0x00007ff9673c0000 - 0x00007ff967451000 	C:\Users\Admin\.p2\pool\plugins\org.eclipse.justj.openjdk.hotspot.jre.full.win32.x86_64_17.0.4.v20220903-1038\jre\bin\msvcp140.dll
0x00007ff94ce20000 - 0x00007ff94da66000 	C:\Users\Admin\.p2\pool\plugins\org.eclipse.justj.openjdk.hotspot.jre.full.win32.x86_64_17.0.4.v20220903-1038\jre\bin\server\jvm.dll
0x00007ff974bc0000 - 0x00007ff974c6e000 	C:\Windows\System32\ADVAPI32.dll
0x00007ff9741c0000 - 0x00007ff97425c000 	C:\Windows\System32\sechost.dll
0x00007ff974e20000 - 0x00007ff974f45000 	C:\Windows\System32\RPCRT4.dll
0x00007ff973b50000 - 0x00007ff973b58000 	C:\Windows\System32\PSAPI.DLL
0x00007ff955ae0000 - 0x00007ff955ae9000 	C:\Windows\SYSTEM32\WSOCK32.dll
0x00007ff974260000 - 0x00007ff9742cb000 	C:\Windows\System32\WS2_32.dll
0x00007ff965990000 - 0x00007ff9659b7000 	C:\Windows\SYSTEM32\WINMM.dll
0x00007ff9623f0000 - 0x00007ff9623fa000 	C:\Windows\SYSTEM32\VERSION.dll
0x00007ff970ca0000 - 0x00007ff970cb2000 	C:\Windows\SYSTEM32\kernel.appcore.dll
0x00007ff96df20000 - 0x00007ff96df2a000 	C:\Users\Admin\.p2\pool\plugins\org.eclipse.justj.openjdk.hotspot.jre.full.win32.x86_64_17.0.4.v20220903-1038\jre\bin\jimage.dll
0x00007ff961660000 - 0x00007ff961844000 	C:\Windows\SYSTEM32\DBGHELP.DLL
0x00007ff961590000 - 0x00007ff9615c5000 	C:\Windows\SYSTEM32\dbgcore.DLL
0x00007ff973070000 - 0x00007ff9730f2000 	C:\Windows\System32\bcryptPrimitives.dll
0x00007ff9687d0000 - 0x00007ff9687f5000 	C:\Users\Admin\.p2\pool\plugins\org.eclipse.justj.openjdk.hotspot.jre.full.win32.x86_64_17.0.4.v20220903-1038\jre\bin\java.dll
0x00007ff968720000 - 0x00007ff968738000 	C:\Users\Admin\.p2\pool\plugins\org.eclipse.justj.openjdk.hotspot.jre.full.win32.x86_64_17.0.4.v20220903-1038\jre\bin\zip.dll
0x00007ff974f50000 - 0x00007ff975694000 	C:\Windows\System32\SHELL32.dll
0x00007ff970ea0000 - 0x00007ff971632000 	C:\Windows\SYSTEM32\windows.storage.dll
0x00007ff973da0000 - 0x00007ff9740f5000 	C:\Windows\System32\combase.dll
0x00007ff972760000 - 0x00007ff972790000 	C:\Windows\SYSTEM32\Wldp.dll
0x00007ff974b10000 - 0x00007ff974bbd000 	C:\Windows\System32\SHCORE.dll
0x00007ff973980000 - 0x00007ff9739d5000 	C:\Windows\System32\shlwapi.dll
0x00007ff972d20000 - 0x00007ff972d3f000 	C:\Windows\SYSTEM32\profapi.dll
0x00007ff968700000 - 0x00007ff968719000 	C:\Users\Admin\.p2\pool\plugins\org.eclipse.justj.openjdk.hotspot.jre.full.win32.x86_64_17.0.4.v20220903-1038\jre\bin\net.dll
0x00007ff9666e0000 - 0x00007ff9667ec000 	C:\Windows\SYSTEM32\WINHTTP.dll
0x00007ff9724c0000 - 0x00007ff97252a000 	C:\Windows\system32\mswsock.dll
0x00007ff9686e0000 - 0x00007ff9686f5000 	C:\Users\Admin\.p2\pool\plugins\org.eclipse.justj.openjdk.hotspot.jre.full.win32.x86_64_17.0.4.v20220903-1038\jre\bin\nio.dll
0x00007ff96c0f0000 - 0x00007ff96c100000 	C:\Users\Admin\.p2\pool\plugins\org.eclipse.justj.openjdk.hotspot.jre.full.win32.x86_64_17.0.4.v20220903-1038\jre\bin\verify.dll
0x00007ff9721f0000 - 0x00007ff9722ba000 	C:\Windows\SYSTEM32\DNSAPI.dll
0x00007ff9721b0000 - 0x00007ff9721eb000 	C:\Windows\SYSTEM32\IPHLPAPI.DLL
0x00007ff974890000 - 0x00007ff974898000 	C:\Windows\System32\NSI.dll
0x00007ff964ff0000 - 0x00007ff964ffa000 	C:\Windows\System32\rasadhlp.dll
0x00007ff9651d0000 - 0x00007ff965250000 	C:\Windows\System32\fwpuclnt.dll
0x00007ff972ee0000 - 0x00007ff972f07000 	C:\Windows\System32\bcrypt.dll
0x00007ff9726b0000 - 0x00007ff9726c8000 	C:\Windows\SYSTEM32\CRYPTSP.dll
0x00007ff971de0000 - 0x00007ff971e14000 	C:\Windows\system32\rsaenh.dll
0x00007ff972ca0000 - 0x00007ff972cce000 	C:\Windows\SYSTEM32\USERENV.dll
0x00007ff9726d0000 - 0x00007ff9726dc000 	C:\Windows\SYSTEM32\CRYPTBASE.dll
0x00007ff968490000 - 0x00007ff9684a7000 	C:\Windows\SYSTEM32\dhcpcsvc6.DLL
0x00007ff969ec0000 - 0x00007ff969edd000 	C:\Windows\SYSTEM32\dhcpcsvc.DLL

dbghelp: loaded successfully - version: 4.0.5 - missing functions: none
symbol engine: initialized successfully - sym options: 0x614 - pdb path: .;C:\Users\Admin\.p2\pool\plugins\org.eclipse.justj.openjdk.hotspot.jre.full.win32.x86_64_17.0.4.v20220903-1038\jre\bin;C:\Windows\SYSTEM32;C:\Windows\WinSxS\amd64_microsoft.windows.common-controls_6595b64144ccf1df_6.0.19041.1110_none_60b5254171f9507e;C:\Users\Admin\.p2\pool\plugins\org.eclipse.justj.openjdk.hotspot.jre.full.win32.x86_64_17.0.4.v20220903-1038\jre\bin\server

VM Arguments:
jvm_args: -ea -Dfile.encoding=UTF-8 -XX:+ShowCodeDetailsInExceptionMessages 
java_command: org.testng.remote.RemoteTestNG -serport 60655 -protocol json -d C:\Users\Admin\eclipse-workspace\PrashantSirProject\test-output C:\Users\Admin\eclipse-workspace\PrashantSirProject\testng.xml
java_class_path (initial): C:\Users\Admin\eclipse\java-2022-092\eclipse\configuration\org.eclipse.osgi\438\0\.cp\lib\testng-remote.jar;C:\Users\Admin\eclipse-workspace\PrashantSirProject\target\test-classes;C:\Users\Admin\eclipse-workspace\PrashantSirProject\target\classes;C:\Users\Admin\.m2\repository\org\seleniumhq\selenium\selenium-java\4.6.0\selenium-java-4.6.0.jar;C:\Users\Admin\.m2\repository\org\seleniumhq\selenium\selenium-api\4.6.0\selenium-api-4.6.0.jar;C:\Users\Admin\.m2\repository\org\seleniumhq\selenium\selenium-chrome-driver\4.6.0\selenium-chrome-driver-4.6.0.jar;C:\Users\Admin\.m2\repository\com\google\auto\service\auto-service-annotations\1.0.1\auto-service-annotations-1.0.1.jar;C:\Users\Admin\.m2\repository\com\google\auto\service\auto-service\1.0.1\auto-service-1.0.1.jar;C:\Users\Admin\.m2\repository\com\google\auto\auto-common\1.2\auto-common-1.2.jar;C:\Users\Admin\.m2\repository\com\google\guava\guava\31.1-jre\guava-31.1-jre.jar;C:\Users\Admin\.m2\repository\com\google\guava\failureaccess\1.0.1\failureaccess-1.0.1.jar;C:\Users\Admin\.m2\repository\com\google\guava\listenablefuture\9999.0-empty-to-avoid-conflict-with-guava\listenablefuture-9999.0-empty-to-avoid-conflict-with-guava.jar;C:\Users\Admin\.m2\repository\org\checkerframework\checker-qual\3.12.0\checker-qual-3.12.0.jar;C:\Users\Admin\.m2\repository\com\google\errorprone\error_prone_annotations\2.11.0\error_prone_annotations-2.11.0.jar;C:\Users\Admin\.m2\repository\com\google\j2objc\j2objc-annotations\1.3\j2objc-annotations-1.3.jar;C:\Users\Admin\.m2\repository\org\seleniumhq\selenium\selenium-chromium-driver\4.6.0\selenium-chromium-driver-4.6.0.jar;C:\Users\Admin\.m2\repository\org\seleniumhq\selenium\selenium-json\4.6.0\selenium-json-4.6.0.jar;C:\Users\Admin\.m2\repository\org\seleniumhq\selenium\selenium-devtools-v105\4.6.0\selenium-devtools-v105-4.6.0.jar;C:\Users\Admin\.m2\repository\org\seleniumhq\selenium\selenium-devtools-v106\4.6.0\selenium-devtools-v106-4.6.0.jar;C:\Users\Admin
Launcher Type: SUN_STANDARD

[Global flags]
     intx CICompilerCount                          = 3                                         {product} {ergonomic}
     uint ConcGCThreads                            = 1                                         {product} {ergonomic}
     uint G1ConcRefinementThreads                  = 4                                         {product} {ergonomic}
   size_t G1HeapRegionSize                         = 1048576                                   {product} {ergonomic}
    uintx GCDrainStackTargetSize                   = 64                                        {product} {ergonomic}
   size_t InitialHeapSize                          = 67108864                                  {product} {ergonomic}
   size_t MarkStackSize                            = 4194304                                   {product} {ergonomic}
   size_t MaxHeapSize                              = 1042284544                                {product} {ergonomic}
   size_t MaxNewSize                               = 624951296                                 {product} {ergonomic}
   size_t MinHeapDeltaBytes                        = 1048576                                   {product} {ergonomic}
   size_t MinHeapSize                              = 8388608                                   {product} {ergonomic}
    uintx NonNMethodCodeHeapSize                   = 5832780                                {pd product} {ergonomic}
    uintx NonProfiledCodeHeapSize                  = 122912730                              {pd product} {ergonomic}
    uintx ProfiledCodeHeapSize                     = 122912730                              {pd product} {ergonomic}
    uintx ReservedCodeCacheSize                    = 251658240                              {pd product} {ergonomic}
     bool SegmentedCodeCache                       = true                                      {product} {ergonomic}
     bool ShowCodeDetailsInExceptionMessages       = true                                   {manageable} {command line}
   size_t SoftMaxHeapSize                          = 1042284544                             {manageable} {ergonomic}
     bool UseCompressedClassPointers               = true                           {product lp64_product} {ergonomic}
     bool UseCompressedOops                        = true                           {product lp64_product} {ergonomic}
     bool UseG1GC                                  = true                                      {product} {ergonomic}
     bool UseLargePagesIndividualAllocation        = false                                  {pd product} {ergonomic}

Logging:
Log output configuration:
 #0: stdout all=warning uptime,level,tags
 #1: stderr all=off uptime,level,tags

Environment Variables:
PATH=C:\oraclexe\app\oracle\product\10.2.0\server\bin;C:\Program Files\Common Files\Oracle\Java\javapath;C:\Windows\system32;C:\Windows;C:\Windows\System32\Wbem;C:\Windows\System32\WindowsPowerShell\v1.0\;C:\Windows\System32\OpenSSH\;C:\Program Files\Git\cmd;C:\Users\Admin\Desktop\Git\apache-maven-3.8.6\bin;C:\Users\Admin\AppData\Local\Microsoft\WindowsApps;
USERNAME=Admin
OS=Windows_NT
PROCESSOR_IDENTIFIER=Intel64 Family 6 Model 42 Stepping 7, GenuineIntel
TMP=C:\Users\Admin\AppData\Local\Temp
TEMP=C:\Users\Admin\AppData\Local\Temp



---------------  S Y S T E M  ---------------

OS:
 Windows 10 , 64 bit Build 19041 (10.0.19041.2364)
OS uptime: 5 days 20:35 hours

CPU: total 4 (initial active 4) (2 cores per cpu, 2 threads per core) family 6 model 42 stepping 7 microcode 0x2f, cx8, cmov, fxsr, ht, mmx, sse, sse2, sse3, ssse3, sse4.1, sse4.2, popcnt, tsc, tscinvbit, avx, clmul, vzeroupper, clflush

Memory: 4k page, system-wide physical 3969M (306M free)
TotalPageFile size 16257M (AvailPageFile size 6M)
current process WorkingSet (physical memory assigned to process): 85M, peak: 85M
current process commit charge ("private bytes"): 161M, peak: 161M

vm_info: OpenJDK 64-Bit Server VM (17.0.4.1+1) for windows-amd64 JRE (17.0.4.1+1), built on Aug 17 2022 07:42:43 by "temurin" with MS VC++ 16.7 (VS2019)

END.
